<?xml version="1.0" encoding="UTF-8" ?>
<testsuite 
errors="0" failures="0" hostname="DESKTOP-20L3BQH" name="org.scalatest.tools.DiscoverySuite" tests="0" time="0.014" timestamp="2020-01-10T11:33:33">
  <properties>
    <property name="java.runtime.name" value="OpenJDK Runtime Environment">
    </property>
    <property name="java.vm.version" value="11.0.3+12-b304.10"> </property>
    <property 
    name="sun.boot.library.path" value="C:\Program Files\JetBrains\IntelliJ IDEA Community Edition 2019.2\jbr\bin">
</property>
    <property name="java.vm.vendor" value="JetBrains s.r.o"> </property>
    <property name="java.vendor.url" value="https://www.jetbrains.com/">
    </property>
    <property name="path.separator" value=";"> </property>
    <property name="java.vm.name" value="OpenJDK 64-Bit Server VM"> </property>
    <property name="sun.os.patch.level" value=""> </property>
    <property name="user.script" value=""> </property>
    <property name="user.country" value="FR"> </property>
    <property name="sun.java.launcher" value="SUN_STANDARD"> </property>
    <property 
    name="java.vm.specification.name" value="Java Virtual Machine Specification">
</property>
    <property name="user.dir" value="C:\workspace\artBackend\common-service">
    </property>
    <property name="java.vm.compressedOopsMode" value="32-bit"> </property>
    <property name="java.runtime.version" value="11.0.3+12-b304.10">
    </property>
    <property 
    name="java.awt.graphicsenv" value="sun.awt.Win32GraphicsEnvironment">
</property>
    <property name="basedir" value="C:\workspace\artBackend\common-service">
    </property>
    <property name="os.arch" value="amd64"> </property>
    <property name="java.io.tmpdir" value="C:\Users\dev2\AppData\Local\Temp\">
    </property>
    <property name="line.separator" value=" "> </property>
    <property name="java.vm.specification.vendor" value="Oracle Corporation">
    </property>
    <property name="user.variant" value=""> </property>
    <property name="os.name" value="Windows 10"> </property>
    <property name="sun.jnu.encoding" value="Cp1252"> </property>
    <property 
    name="java.library.path" value="C:\Program Files\JetBrains\IntelliJ IDEA Community Edition 2019.2\jbr\bin;C:\WINDOWS\Sun\Java\bin;C:\WINDOWS\system32;C:\WINDOWS;C:\Program Files\JetBrains\IntelliJ IDEA Community Edition 2019.2\jbr\\bin;C:\Program Files\JetBrains\IntelliJ IDEA Community Edition 2019.2\jbr\\bin\server;C:\Program Files (x86)\Common Files\Oracle\Java\javapath;C:\Program Files (x86)\Intel\iCLS Client\;C:\ProgramData\Oracle\Java\javapath;C:\Program Files\Intel\iCLS Client\;C:\WINDOWS\system32;C:\WINDOWS;C:\WINDOWS\System32\Wbem;C:\WINDOWS\System32\WindowsPowerShell\v1.0\;C:\WINDOWS\System32\OpenSSH\;C:\Program Files (x86)\Intel\Intel(R) Management Engine Components\DAL;C:\Program Files\Intel\Intel(R) Management Engine Components\DAL;C:\Program Files (x86)\Intel\Intel(R) Management Engine Components\IPT;C:\Program Files\Intel\Intel(R) Management Engine Components\IPT;C:\Program Files\Git\cmd;C:\Program Files\nodejs\;C:\Program Files\PuTTY\;%PYTHON_HOME%;C:\Users\dev2\AppData\Local\Microsoft\WindowsApps;C:\Users\dev2\AppData\Local\Programs\Microsoft VS Code\bin;C:\Program Files\JetBrains\IntelliJ IDEA Community Edition 2019.2\bin;;C:\Users\dev2\AppData\Roaming\npm;.">
</property>
    <property name="jdk.debug" value="release"> </property>
    <property name="java.class.version" value="55.0"> </property>
    <property 
    name="java.specification.name" value="Java Platform API Specification">
</property>
    <property 
    name="sun.management.compiler" value="HotSpot 64-Bit Tiered Compilers">
</property>
    <property name="os.version" value="10.0"> </property>
    <property name="user.home" value="C:\Users\dev2"> </property>
    <property name="user.timezone" value=""> </property>
    <property name="java.awt.printerjob" value="sun.awt.windows.WPrinterJob">
    </property>
    <property name="file.encoding" value="Cp1252"> </property>
    <property name="java.specification.version" value="11"> </property>
    <property name="user.name" value="dev2"> </property>
    <property 
    name="java.class.path" value="C:\workspace\artBackend\common-service\target\test-classes;C:\workspace\artBackend\common-service\target\classes;C:\Users\dev2\.m2\repository\com\groupaxis\groupsuite\groupsuite-commons\1.0.1-SNAPSHOT\groupsuite-commons-1.0.1-SNAPSHOT.jar;C:\Users\dev2\.m2\repository\org\scalactic\scalactic_2.11\2.2.6\scalactic_2.11-2.2.6.jar;C:\Users\dev2\.m2\repository\org\scala-lang\scala-compiler\2.11.8\scala-compiler-2.11.8.jar;C:\Users\dev2\.m2\repository\org\scala-lang\modules\scala-parser-combinators_2.11\1.0.4\scala-parser-combinators_2.11-1.0.4.jar;C:\Users\dev2\.m2\repository\org\scala-lang\scala-library\2.11.8\scala-library-2.11.8.jar;C:\Users\dev2\.m2\repository\com\typesafe\akka\akka-actor_2.11\2.4.4\akka-actor_2.11-2.4.4.jar;C:\Users\dev2\.m2\repository\com\typesafe\config\1.3.0\config-1.3.0.jar;C:\Users\dev2\.m2\repository\org\scala-lang\modules\scala-java8-compat_2.11\0.7.0\scala-java8-compat_2.11-0.7.0.jar;C:\Users\dev2\.m2\repository\com\typesafe\akka\akka-cluster_2.11\2.4.4\akka-cluster_2.11-2.4.4.jar;C:\Users\dev2\.m2\repository\com\typesafe\akka\akka-remote_2.11\2.4.4\akka-remote_2.11-2.4.4.jar;C:\Users\dev2\.m2\repository\io\netty\netty\3.10.3.Final\netty-3.10.3.Final.jar;C:\Users\dev2\.m2\repository\org\uncommons\maths\uncommons-maths\1.2.2a\uncommons-maths-1.2.2a.jar;C:\Users\dev2\.m2\repository\com\typesafe\akka\akka-cluster-tools_2.11\2.4.4\akka-cluster-tools_2.11-2.4.4.jar;C:\Users\dev2\.m2\repository\com\typesafe\akka\akka-persistence_2.11\2.4.4\akka-persistence_2.11-2.4.4.jar;C:\Users\dev2\.m2\repository\com\typesafe\akka\akka-protobuf_2.11\2.4.4\akka-protobuf_2.11-2.4.4.jar;C:\Users\dev2\.m2\repository\com\typesafe\akka\akka-stream_2.11\2.4.4\akka-stream_2.11-2.4.4.jar;C:\Users\dev2\.m2\repository\com\typesafe\ssl-config-akka_2.11\0.2.1\ssl-config-akka_2.11-0.2.1.jar;C:\Users\dev2\.m2\repository\com\typesafe\ssl-config-core_2.11\0.2.1\ssl-config-core_2.11-0.2.1.jar;C:\Users\dev2\.m2\repository\org\reactivestreams\reactive-streams\1.0.0\reactive-streams-1.0.0.jar;C:\Users\dev2\.m2\repository\com\typesafe\akka\akka-http-experimental_2.11\2.4.4\akka-http-experimental_2.11-2.4.4.jar;C:\Users\dev2\.m2\repository\com\typesafe\akka\akka-http-core_2.11\2.4.4\akka-http-core_2.11-2.4.4.jar;C:\Users\dev2\.m2\repository\com\typesafe\akka\akka-parsing_2.11\2.4.4\akka-parsing_2.11-2.4.4.jar;C:\Users\dev2\.m2\repository\de\heikoseeberger\akka-http-circe_2.11\1.6.0\akka-http-circe_2.11-1.6.0.jar;C:\Users\dev2\.m2\repository\io\circe\circe-jawn_2.11\0.4.0\circe-jawn_2.11-0.4.0.jar;C:\Users\dev2\.m2\repository\org\spire-math\jawn-parser_2.11\0.8.4\jawn-parser_2.11-0.8.4.jar;C:\Users\dev2\.m2\repository\io\circe\circe-core_2.11\0.4.1\circe-core_2.11-0.4.1.jar;C:\Users\dev2\.m2\repository\io\circe\circe-numbers_2.11\0.4.1\circe-numbers_2.11-0.4.1.jar;C:\Users\dev2\.m2\repository\org\typelevel\cats-core_2.11\0.4.1\cats-core_2.11-0.4.1.jar;C:\Users\dev2\.m2\repository\org\typelevel\cats-macros_2.11\0.4.1\cats-macros_2.11-0.4.1.jar;C:\Users\dev2\.m2\repository\com\github\mpilquist\simulacrum_2.11\0.7.0\simulacrum_2.11-0.7.0.jar;C:\Users\dev2\.m2\repository\org\spire-math\algebra_2.11\0.3.1\algebra_2.11-0.3.1.jar;C:\Users\dev2\.m2\repository\org\spire-math\algebra-std_2.11\0.3.1\algebra-std_2.11-0.3.1.jar;C:\Users\dev2\.m2\repository\org\typelevel\machinist_2.11\0.4.1\machinist_2.11-0.4.1.jar;C:\Users\dev2\.m2\repository\io\circe\circe-generic_2.11\0.4.1\circe-generic_2.11-0.4.1.jar;C:\Users\dev2\.m2\repository\org\typelevel\macro-compat_2.11\1.1.1\macro-compat_2.11-1.1.1.jar;C:\Users\dev2\.m2\repository\com\chuusai\shapeless_2.11\2.3.0\shapeless_2.11-2.3.0.jar;C:\Users\dev2\.m2\repository\io\circe\circe-parser_2.11\0.4.1\circe-parser_2.11-0.4.1.jar;C:\Users\dev2\.m2\repository\de\heikoseeberger\akka-http-json4s_2.11\1.6.0\akka-http-json4s_2.11-1.6.0.jar;C:\Users\dev2\.m2\repository\org\json4s\json4s-core_2.11\3.3.0\json4s-core_2.11-3.3.0.jar;C:\Users\dev2\.m2\repository\org\json4s\json4s-ast_2.11\3.3.0\json4s-ast_2.11-3.3.0.jar;C:\Users\dev2\.m2\repository\org\json4s\json4s-scalap_2.11\3.3.0\json4s-scalap_2.11-3.3.0.jar;C:\Users\dev2\.m2\repository\com\thoughtworks\paranamer\paranamer\2.8\paranamer-2.8.jar;C:\Users\dev2\.m2\repository\org\json4s\json4s-ext_2.11\3.3.0\json4s-ext_2.11-3.3.0.jar;C:\Users\dev2\.m2\repository\org\joda\joda-convert\1.7\joda-convert-1.7.jar;C:\Users\dev2\.m2\repository\org\json4s\json4s-native_2.11\3.3.0\json4s-native_2.11-3.3.0.jar;C:\Users\dev2\.m2\repository\org\iq80\leveldb\leveldb\0.7\leveldb-0.7.jar;C:\Users\dev2\.m2\repository\org\iq80\leveldb\leveldb-api\0.7\leveldb-api-0.7.jar;C:\Users\dev2\.m2\repository\org\fusesource\leveldbjni\leveldbjni-all\1.8\leveldbjni-all-1.8.jar;C:\Users\dev2\.m2\repository\com\typesafe\slick\slick_2.11\3.1.1\slick_2.11-3.1.1.jar;C:\Users\dev2\.m2\repository\org\slf4j\slf4j-api\1.7.10\slf4j-api-1.7.10.jar;C:\Users\dev2\.m2\repository\com\sksamuel\elastic4s\elastic4s-core_2.11\2.3.0\elastic4s-core_2.11-2.3.0.jar;C:\Users\dev2\.m2\repository\org\elasticsearch\elasticsearch\2.3.0\elasticsearch-2.3.0.jar;C:\Users\dev2\.m2\repository\org\apache\lucene\lucene-core\5.5.0\lucene-core-5.5.0.jar;C:\Users\dev2\.m2\repository\org\apache\lucene\lucene-backward-codecs\5.5.0\lucene-backward-codecs-5.5.0.jar;C:\Users\dev2\.m2\repository\org\apache\lucene\lucene-analyzers-common\5.5.0\lucene-analyzers-common-5.5.0.jar;C:\Users\dev2\.m2\repository\org\apache\lucene\lucene-queries\5.5.0\lucene-queries-5.5.0.jar;C:\Users\dev2\.m2\repository\org\apache\lucene\lucene-memory\5.5.0\lucene-memory-5.5.0.jar;C:\Users\dev2\.m2\repository\org\apache\lucene\lucene-highlighter\5.5.0\lucene-highlighter-5.5.0.jar;C:\Users\dev2\.m2\repository\org\apache\lucene\lucene-queryparser\5.5.0\lucene-queryparser-5.5.0.jar;C:\Users\dev2\.m2\repository\org\apache\lucene\lucene-sandbox\5.5.0\lucene-sandbox-5.5.0.jar;C:\Users\dev2\.m2\repository\org\apache\lucene\lucene-suggest\5.5.0\lucene-suggest-5.5.0.jar;C:\Users\dev2\.m2\repository\org\apache\lucene\lucene-misc\5.5.0\lucene-misc-5.5.0.jar;C:\Users\dev2\.m2\repository\org\apache\lucene\lucene-join\5.5.0\lucene-join-5.5.0.jar;C:\Users\dev2\.m2\repository\org\apache\lucene\lucene-grouping\5.5.0\lucene-grouping-5.5.0.jar;C:\Users\dev2\.m2\repository\org\apache\lucene\lucene-spatial\5.5.0\lucene-spatial-5.5.0.jar;C:\Users\dev2\.m2\repository\org\apache\lucene\lucene-spatial3d\5.5.0\lucene-spatial3d-5.5.0.jar;C:\Users\dev2\.m2\repository\com\spatial4j\spatial4j\0.5\spatial4j-0.5.jar;C:\Users\dev2\.m2\repository\com\google\guava\guava\18.0\guava-18.0.jar;C:\Users\dev2\.m2\repository\org\elasticsearch\securesm\1.0\securesm-1.0.jar;C:\Users\dev2\.m2\repository\com\carrotsearch\hppc\0.7.1\hppc-0.7.1.jar;C:\Users\dev2\.m2\repository\com\fasterxml\jackson\dataformat\jackson-dataformat-smile\2.6.2\jackson-dataformat-smile-2.6.2.jar;C:\Users\dev2\.m2\repository\com\fasterxml\jackson\dataformat\jackson-dataformat-yaml\2.6.2\jackson-dataformat-yaml-2.6.2.jar;C:\Users\dev2\.m2\repository\org\yaml\snakeyaml\1.15\snakeyaml-1.15.jar;C:\Users\dev2\.m2\repository\com\fasterxml\jackson\dataformat\jackson-dataformat-cbor\2.6.2\jackson-dataformat-cbor-2.6.2.jar;C:\Users\dev2\.m2\repository\com\ning\compress-lzf\1.0.2\compress-lzf-1.0.2.jar;C:\Users\dev2\.m2\repository\com\tdunning\t-digest\3.0\t-digest-3.0.jar;C:\Users\dev2\.m2\repository\org\hdrhistogram\HdrHistogram\2.1.6\HdrHistogram-2.1.6.jar;C:\Users\dev2\.m2\repository\commons-cli\commons-cli\1.3.1\commons-cli-1.3.1.jar;C:\Users\dev2\.m2\repository\com\twitter\jsr166e\1.1.0\jsr166e-1.1.0.jar;C:\Users\dev2\.m2\repository\org\postgresql\postgresql\9.4.1208.jre7\postgresql-9.4.1208.jre7.jar;C:\Users\dev2\.m2\repository\com\zaxxer\HikariCP\2.4.6\HikariCP-2.4.6.jar;C:\Users\dev2\.m2\repository\com\typesafe\akka\akka-slf4j_2.11\2.4.4\akka-slf4j_2.11-2.4.4.jar;C:\Users\dev2\.m2\repository\org\apache\logging\log4j\log4j-slf4j-impl\2.6.2\log4j-slf4j-impl-2.6.2.jar;C:\Users\dev2\.m2\repository\org\apache\logging\log4j\log4j-api\2.6.2\log4j-api-2.6.2.jar;C:\Users\dev2\.m2\repository\org\apache\logging\log4j\log4j-core\2.6.2\log4j-core-2.6.2.jar;C:\Users\dev2\.m2\repository\org\apache\logging\log4j\log4j-api-scala_2.11\2.7\log4j-api-scala_2.11-2.7.jar;C:\Users\dev2\.m2\repository\com\typesafe\akka\akka-testkit_2.11\2.4.4\akka-testkit_2.11-2.4.4.jar;C:\Users\dev2\.m2\repository\ch\megard\akka-http-cors_2.11\0.1.2\akka-http-cors_2.11-0.1.2.jar;C:\Users\dev2\.m2\repository\com\groupaxis\groupsuite\groupsuite-persistence\1.0.1-SNAPSHOT\groupsuite-persistence-1.0.1-SNAPSHOT.jar;C:\Users\dev2\.m2\repository\com\oracle\ojdbc7\12.1.0\ojdbc7-12.1.0.jar;C:\Users\dev2\.m2\repository\com\h2database\h2\1.4.193\h2-1.4.193.jar;C:\Users\dev2\.m2\repository\joda-time\joda-time\2.8.2\joda-time-2.8.2.jar;C:\Users\dev2\.m2\repository\com\groupaxis\groupsuite\groupsuite-common-write-model\1.0.1-SNAPSHOT\groupsuite-common-write-model-1.0.1-SNAPSHOT.jar;C:\Users\dev2\.m2\repository\com\typesafe\akka\akka-http-spray-json-experimental_2.11\2.4.4\akka-http-spray-json-experimental_2.11-2.4.4.jar;C:\Users\dev2\.m2\repository\io\spray\spray-json_2.11\1.3.2\spray-json_2.11-1.3.2.jar;C:\Users\dev2\.m2\repository\com\typesafe\akka\akka-http-xml-experimental_2.11\2.4.4\akka-http-xml-experimental_2.11-2.4.4.jar;C:\Users\dev2\.m2\repository\com\sksamuel\elastic4s\elastic4s-jackson_2.11\2.3.0\elastic4s-jackson_2.11-2.3.0.jar;C:\Users\dev2\.m2\repository\com\fasterxml\jackson\core\jackson-core\2.6.1\jackson-core-2.6.1.jar;C:\Users\dev2\.m2\repository\com\fasterxml\jackson\core\jackson-databind\2.6.1\jackson-databind-2.6.1.jar;C:\Users\dev2\.m2\repository\com\fasterxml\jackson\core\jackson-annotations\2.6.0\jackson-annotations-2.6.0.jar;C:\Users\dev2\.m2\repository\com\fasterxml\jackson\module\jackson-module-scala_2.11\2.6.1\jackson-module-scala_2.11-2.6.1.jar;C:\Users\dev2\.m2\repository\com\fasterxml\jackson\module\jackson-module-paranamer\2.6.1\jackson-module-paranamer-2.6.1.jar;C:\Users\dev2\.m2\repository\com\fasterxml\jackson\datatype\jackson-datatype-joda\2.6.1\jackson-datatype-joda-2.6.1.jar;C:\Users\dev2\.m2\repository\org\scalaz\scalaz-core_2.11\7.2.8\scalaz-core_2.11-7.2.8.jar;C:\Users\dev2\.m2\repository\org\scalaz\scalaz-concurrent_2.11\7.2.8\scalaz-concurrent_2.11-7.2.8.jar;C:\Users\dev2\.m2\repository\org\scalaz\scalaz-effect_2.11\7.2.8\scalaz-effect_2.11-7.2.8.jar;C:\Users\dev2\.m2\repository\com\groupaxis\groupsuite\groupsuite-tools\1.0.1-SNAPSHOT\groupsuite-tools-1.0.1-SNAPSHOT.jar;C:\Users\dev2\.m2\repository\com\github\scala-incubator\io\scala-io-core_2.11\0.4.3-1\scala-io-core_2.11-0.4.3-1.jar;C:\Users\dev2\.m2\repository\com\madgag\scala-arm_2.11\1.3.3\scala-arm_2.11-1.3.3.jar;C:\Users\dev2\.m2\repository\org\scala-lang\plugins\scala-continuations-library_2.11\1.0.1\scala-continuations-library_2.11-1.0.1.jar;C:\Users\dev2\.m2\repository\com\github\scala-incubator\io\scala-io-file_2.11\0.4.3-1\scala-io-file_2.11-0.4.3-1.jar;C:\Users\dev2\.m2\repository\javax\mail\mail\1.4.7\mail-1.4.7.jar;C:\Users\dev2\.m2\repository\javax\activation\activation\1.1\activation-1.1.jar;C:\Users\dev2\.m2\repository\javax\mail\javax.mail-api\1.5.6\javax.mail-api-1.5.6.jar;C:\Users\dev2\.m2\repository\org\scalatest\scalatest_2.11\2.2.6\scalatest_2.11-2.2.6.jar;C:\Users\dev2\.m2\repository\org\scala-lang\scala-reflect\2.11.7\scala-reflect-2.11.7.jar;C:\Users\dev2\.m2\repository\org\scala-lang\modules\scala-xml_2.11\1.0.2\scala-xml_2.11-1.0.2.jar">
</property>
    <property name="java.vm.specification.version" value="11"> </property>
    <property name="sun.arch.data.model" value="64"> </property>
    <property 
    name="sun.java.command" value="org.scalatest.tools.Runner -R C:\workspace\artBackend\common-service\target\classes C:\workspace\artBackend\common-service\target\test-classes -o -fWDF C:\workspace\artBackend\common-service\target\surefire-reports\TestSuite.txt -u C:\workspace\artBackend\common-service\target\surefire-reports\.">
</property>
    <property 
    name="java.home" value="C:\Program Files\JetBrains\IntelliJ IDEA Community Edition 2019.2\jbr">
</property>
    <property name="user.language" value="fr"> </property>
    <property name="java.specification.vendor" value="Oracle Corporation">
    </property>
    <property name="awt.toolkit" value="sun.awt.windows.WToolkit"> </property>
    <property name="java.vm.info" value="mixed mode, sharing"> </property>
    <property name="java.version" value="11.0.3"> </property>
    <property name="java.vendor" value="JetBrains s.r.o"> </property>
    <property name="file.separator" value="\"> </property>
    <property name="java.version.date" value="2019-04-16"> </property>
    <property 
    name="java.vendor.url.bug" value="https://youtrack.jetbrains.com">
</property>
    <property name="sun.io.unicode.encoding" value="UnicodeLittle"> </property>
    <property name="sun.cpu.endian" value="little"> </property>
    <property name="sun.desktop" value="windows"> </property>
    <property name="sun.cpu.isalist" value="amd64"> </property>
  </properties>
  <system-out><![CDATA[]]></system-out>
  <system-err><![CDATA[]]></system-err>
</testsuite>
